App/build/app/intermediates/manifest_merge_blame_file/debug/manifest-merger-blame-debug-report.txt
1<?xml version="1.0" encoding="utf-8"?>
2<manifest xmlns:android="http://schemas.android.com/apk/res/android"
3    package="com.example.progetto_uno_v2"
4    android:versionCode="1"
5    android:versionName="1.0.5" >
6
7    <uses-sdk
8        android:minSdkVersion="21"
9        android:targetSdkVersion="31" />
10    <!--
11         Flutter needs it to communicate with the running application
12         to allow setting breakpoints, to provide hot reload, etc.
13    -->
14    <uses-permission android:name="android.permission.INTERNET" />
14-->src/debug/AndroidManifest.xml:6:5-66
14-->src/debug/AndroidManifest.xml:6:22-64
15    <uses-permission android:name="android.permission.READ_EXTERNAL_STORAGE" />
15-->[:file_picker] AndroidManifest.xml:7:5-80
15-->[:file_picker] AndroidManifest.xml:7:22-77
16
17    <queries>
17-->[:file_picker] AndroidManifest.xml:9:5-15:15
18        <intent>
18-->[:file_picker] AndroidManifest.xml:10:9-14:18
19            <action android:name="android.intent.action.GET_CONTENT" />
19-->[:file_picker] AndroidManifest.xml:11:13-72
19-->[:file_picker] AndroidManifest.xml:11:21-69
20
21            <data android:mimeType="*/*" />
21-->[:file_picker] AndroidManifest.xml:13:13-44
21-->[:file_picker] AndroidManifest.xml:13:19-41
22        </intent>
23    </queries>
24
25    <uses-permission android:name="android.permission.REQUEST_INSTALL_PACKAGES" />
25-->[:open_file] AndroidManifest.xml:8:5-83
25-->[:open_file] AndroidManifest.xml:8:22-80
26    <uses-permission android:name="android.permission.ACCESS_NETWORK_STATE" />
26-->[com.google.firebase:firebase-auth:21.0.5] AndroidManifest.xml:24:5-79
26-->[com.google.firebase:firebase-auth:21.0.5] AndroidManifest.xml:24:22-76
27    <uses-permission android:name="android.permission.CAMERA" /> <!-- Don't require camera, as this requires a rear camera. This allows it to work on the Nexus 7 -->
27-->[com.journeyapps:zxing-android-embedded:4.3.0] AndroidManifest.xml:22:5-65
27-->[com.journeyapps:zxing-android-embedded:4.3.0] AndroidManifest.xml:22:22-62
28    <uses-feature
28-->[com.journeyapps:zxing-android-embedded:4.3.0] AndroidManifest.xml:25:5-27:36
29        android:name="android.hardware.camera"
29-->[com.journeyapps:zxing-android-embedded:4.3.0] AndroidManifest.xml:26:9-47
30        android:required="false" />
30-->[com.journeyapps:zxing-android-embedded:4.3.0] AndroidManifest.xml:27:9-33
31    <uses-feature
31-->[com.journeyapps:zxing-android-embedded:4.3.0] AndroidManifest.xml:28:5-30:36
32        android:name="android.hardware.camera.front"
32-->[com.journeyapps:zxing-android-embedded:4.3.0] AndroidManifest.xml:29:9-53
33        android:required="false" /> <!-- TODO replace above two with next line after Android 4.2 -->
33-->[com.journeyapps:zxing-android-embedded:4.3.0] AndroidManifest.xml:30:9-33
34    <!-- <uses-feature android:name="android.hardware.camera.any"/> -->
35    <uses-feature
35-->[com.journeyapps:zxing-android-embedded:4.3.0] AndroidManifest.xml:33:5-35:36
36        android:name="android.hardware.camera.autofocus"
36-->[com.journeyapps:zxing-android-embedded:4.3.0] AndroidManifest.xml:34:9-57
37        android:required="false" />
37-->[com.journeyapps:zxing-android-embedded:4.3.0] AndroidManifest.xml:35:9-33
38    <uses-feature
38-->[com.journeyapps:zxing-android-embedded:4.3.0] AndroidManifest.xml:36:5-38:36
39        android:name="android.hardware.camera.flash"
39-->[com.journeyapps:zxing-android-embedded:4.3.0] AndroidManifest.xml:37:9-53
40        android:required="false" />
40-->[com.journeyapps:zxing-android-embedded:4.3.0] AndroidManifest.xml:38:9-33
41    <uses-feature
41-->[com.journeyapps:zxing-android-embedded:4.3.0] AndroidManifest.xml:39:5-41:36
42        android:name="android.hardware.screen.landscape"
42-->[com.journeyapps:zxing-android-embedded:4.3.0] AndroidManifest.xml:40:9-57
43        android:required="false" />
43-->[com.journeyapps:zxing-android-embedded:4.3.0] AndroidManifest.xml:41:9-33
44    <uses-feature
44-->[com.journeyapps:zxing-android-embedded:4.3.0] AndroidManifest.xml:42:5-44:36
45        android:name="android.hardware.wifi"
45-->[com.journeyapps:zxing-android-embedded:4.3.0] AndroidManifest.xml:43:9-45
46        android:required="false" />
46-->[com.journeyapps:zxing-android-embedded:4.3.0] AndroidManifest.xml:44:9-33
47
48    <application
49        android:name="android.app.Application"
50        android:appComponentFactory="androidx.core.app.CoreComponentFactory"
50-->[androidx.core:core:1.7.0] AndroidManifest.xml:24:18-86
51        android:debuggable="true"
52        android:icon="@mipmap/ic_launcher"
53        android:label="Ethos Facility App"
54        android:requestLegacyExternalStorage="true" >
55        <activity
56            android:name="com.example.progetto_uno_v2.MainActivity"
57            android:configChanges="orientation|keyboardHidden|keyboard|screenSize|smallestScreenSize|locale|layoutDirection|fontScale|screenLayout|density|uiMode"
58            android:exported="true"
59            android:hardwareAccelerated="true"
60            android:launchMode="singleTop"
61            android:theme="@style/LaunchTheme"
62            android:windowSoftInputMode="adjustResize" >
63
64            <!--
65                 Specifies an Android theme to apply to this Activity as soon as
66                 the Android process has started. This theme is visible to the user
67                 while the Flutter UI initializes. After that, this theme continues
68                 to determine the Window background behind the Flutter UI.
69            -->
70            <meta-data
71                android:name="io.flutter.embedding.android.NormalTheme"
72                android:resource="@style/NormalTheme" />
73
74            <intent-filter>
75                <action android:name="android.intent.action.MAIN" />
76
77                <category android:name="android.intent.category.LAUNCHER" />
78            </intent-filter>
79        </activity>
80        <!--
81             Don't delete the meta-data below.
82             This is used by the Flutter tool to generate GeneratedPluginRegistrant.java
83        -->
84        <meta-data
85            android:name="flutterEmbedding"
86            android:value="2" />
87
88        <service
88-->[:firebase_auth] AndroidManifest.xml:8:9-12:19
89            android:name="com.google.firebase.components.ComponentDiscoveryService"
89-->[:firebase_auth] AndroidManifest.xml:8:18-89
90            android:directBootAware="true"
90-->[com.google.firebase:firebase-common:20.1.1] AndroidManifest.xml:35:13-43
91            android:exported="false" >
91-->[com.google.firebase:firebase-auth:21.0.5] AndroidManifest.xml:66:13-37
92            <meta-data
92-->[:firebase_auth] AndroidManifest.xml:9:13-11:85
93                android:name="com.google.firebase.components:io.flutter.plugins.firebase.auth.FlutterFirebaseAuthRegistrar"
93-->[:firebase_auth] AndroidManifest.xml:10:17-124
94                android:value="com.google.firebase.components.ComponentRegistrar" />
94-->[:firebase_auth] AndroidManifest.xml:11:17-82
95            <meta-data
95-->[:firebase_storage] AndroidManifest.xml:9:13-11:85
96                android:name="com.google.firebase.components:io.flutter.plugins.firebase.storage.FlutterFirebaseAppRegistrar"
96-->[:firebase_storage] AndroidManifest.xml:10:17-126
97                android:value="com.google.firebase.components.ComponentRegistrar" />
97-->[:firebase_storage] AndroidManifest.xml:11:17-82
98            <meta-data
98-->[:cloud_firestore] AndroidManifest.xml:9:13-11:85
99                android:name="com.google.firebase.components:io.flutter.plugins.firebase.firestore.FlutterFirebaseFirestoreRegistrar"
99-->[:cloud_firestore] AndroidManifest.xml:10:17-134
100                android:value="com.google.firebase.components.ComponentRegistrar" />
100-->[:cloud_firestore] AndroidManifest.xml:11:17-82
101            <meta-data
101-->[:firebase_core] AndroidManifest.xml:9:13-11:85
102                android:name="com.google.firebase.components:io.flutter.plugins.firebase.core.FlutterFirebaseCoreRegistrar"
102-->[:firebase_core] AndroidManifest.xml:10:17-124
103                android:value="com.google.firebase.components.ComponentRegistrar" />
103-->[:firebase_core] AndroidManifest.xml:11:17-82
104            <meta-data
104-->[com.google.firebase:firebase-auth:21.0.5] AndroidManifest.xml:67:13-69:85
105                android:name="com.google.firebase.components:com.google.firebase.auth.FirebaseAuthRegistrar"
105-->[com.google.firebase:firebase-auth:21.0.5] AndroidManifest.xml:68:17-109
106                android:value="com.google.firebase.components.ComponentRegistrar" />
106-->[com.google.firebase:firebase-auth:21.0.5] AndroidManifest.xml:69:17-82
107            <meta-data
107-->[com.google.firebase:firebase-firestore:24.1.2] AndroidManifest.xml:20:13-22:85
108                android:name="com.google.firebase.components:com.google.firebase.firestore.FirestoreRegistrar"
108-->[com.google.firebase:firebase-firestore:24.1.2] AndroidManifest.xml:21:17-111
109                android:value="com.google.firebase.components.ComponentRegistrar" />
109-->[com.google.firebase:firebase-firestore:24.1.2] AndroidManifest.xml:22:17-82
110            <meta-data
110-->[com.google.firebase:firebase-storage:20.0.1] AndroidManifest.xml:33:13-35:85
111                android:name="com.google.firebase.components:com.google.firebase.storage.StorageRegistrar"
111-->[com.google.firebase:firebase-storage:20.0.1] AndroidManifest.xml:34:17-107
112                android:value="com.google.firebase.components.ComponentRegistrar" />
112-->[com.google.firebase:firebase-storage:20.0.1] AndroidManifest.xml:35:17-82
113        </service>
114
115        <provider
115-->[:open_file] AndroidManifest.xml:12:9-21:20
116            android:name="com.crazecoder.openfile.FileProvider"
116-->[:open_file] AndroidManifest.xml:13:13-64
117            android:authorities="com.example.progetto_uno_v2.fileProvider.com.crazecoder.openfile"
117-->[:open_file] AndroidManifest.xml:14:13-88
118            android:exported="false"
118-->[:open_file] AndroidManifest.xml:15:13-37
119            android:grantUriPermissions="true" >
119-->[:open_file] AndroidManifest.xml:16:13-47
120            <meta-data
120-->[:open_file] AndroidManifest.xml:18:13-20:53
121                android:name="android.support.FILE_PROVIDER_PATHS"
121-->[:open_file] AndroidManifest.xml:19:17-67
122                android:resource="@xml/filepaths" />
122-->[:open_file] AndroidManifest.xml:20:17-50
123        </provider>
124
125        <activity
125-->[:url_launcher_android] AndroidManifest.xml:8:9-11:74
126            android:name="io.flutter.plugins.urllauncher.WebViewActivity"
126-->[:url_launcher_android] AndroidManifest.xml:9:13-74
127            android:exported="false"
127-->[:url_launcher_android] AndroidManifest.xml:10:13-37
128            android:theme="@android:style/Theme.NoTitleBar.Fullscreen" />
128-->[:url_launcher_android] AndroidManifest.xml:11:13-71
129
130        <uses-library
130-->[androidx.window:window:1.0.0-beta04] AndroidManifest.xml:25:9-27:40
131            android:name="androidx.window.extensions"
131-->[androidx.window:window:1.0.0-beta04] AndroidManifest.xml:26:13-54
132            android:required="false" />
132-->[androidx.window:window:1.0.0-beta04] AndroidManifest.xml:27:13-37
133        <uses-library
133-->[androidx.window:window:1.0.0-beta04] AndroidManifest.xml:28:9-30:40
134            android:name="androidx.window.sidecar"
134-->[androidx.window:window:1.0.0-beta04] AndroidManifest.xml:29:13-51
135            android:required="false" />
135-->[androidx.window:window:1.0.0-beta04] AndroidManifest.xml:30:13-37
136
137        <activity
137-->[com.google.firebase:firebase-auth:21.0.5] AndroidManifest.xml:27:9-44:20
138            android:name="com.google.firebase.auth.internal.GenericIdpActivity"
138-->[com.google.firebase:firebase-auth:21.0.5] AndroidManifest.xml:28:13-80
139            android:excludeFromRecents="true"
139-->[com.google.firebase:firebase-auth:21.0.5] AndroidManifest.xml:29:13-46
140            android:exported="true"
140-->[com.google.firebase:firebase-auth:21.0.5] AndroidManifest.xml:30:13-36
141            android:launchMode="singleTask"
141-->[com.google.firebase:firebase-auth:21.0.5] AndroidManifest.xml:31:13-44
142            android:theme="@android:style/Theme.Translucent.NoTitleBar" >
142-->[com.google.firebase:firebase-auth:21.0.5] AndroidManifest.xml:32:13-72
143            <intent-filter>
143-->[com.google.firebase:firebase-auth:21.0.5] AndroidManifest.xml:33:13-43:29
144                <action android:name="android.intent.action.VIEW" />
144-->[com.google.firebase:firebase-auth:21.0.5] AndroidManifest.xml:34:17-69
144-->[com.google.firebase:firebase-auth:21.0.5] AndroidManifest.xml:34:25-66
145
146                <category android:name="android.intent.category.DEFAULT" />
146-->[com.google.firebase:firebase-auth:21.0.5] AndroidManifest.xml:36:17-76
146-->[com.google.firebase:firebase-auth:21.0.5] AndroidManifest.xml:36:27-73
147                <category android:name="android.intent.category.BROWSABLE" />
147-->[com.google.firebase:firebase-auth:21.0.5] AndroidManifest.xml:37:17-78
147-->[com.google.firebase:firebase-auth:21.0.5] AndroidManifest.xml:37:27-75
148
149                <data
149-->[:file_picker] AndroidManifest.xml:13:13-44
150                    android:host="firebase.auth"
151                    android:path="/"
152                    android:scheme="genericidp" />
153            </intent-filter>
154        </activity>
155        <activity
155-->[com.google.firebase:firebase-auth:21.0.5] AndroidManifest.xml:45:9-62:20
156            android:name="com.google.firebase.auth.internal.RecaptchaActivity"
156-->[com.google.firebase:firebase-auth:21.0.5] AndroidManifest.xml:46:13-79
157            android:excludeFromRecents="true"
157-->[com.google.firebase:firebase-auth:21.0.5] AndroidManifest.xml:47:13-46
158            android:exported="true"
158-->[com.google.firebase:firebase-auth:21.0.5] AndroidManifest.xml:48:13-36
159            android:launchMode="singleTask"
159-->[com.google.firebase:firebase-auth:21.0.5] AndroidManifest.xml:49:13-44
160            android:theme="@android:style/Theme.Translucent.NoTitleBar" >
160-->[com.google.firebase:firebase-auth:21.0.5] AndroidManifest.xml:50:13-72
161            <intent-filter>
161-->[com.google.firebase:firebase-auth:21.0.5] AndroidManifest.xml:51:13-61:29
162                <action android:name="android.intent.action.VIEW" />
162-->[com.google.firebase:firebase-auth:21.0.5] AndroidManifest.xml:34:17-69
162-->[com.google.firebase:firebase-auth:21.0.5] AndroidManifest.xml:34:25-66
163
164                <category android:name="android.intent.category.DEFAULT" />
164-->[com.google.firebase:firebase-auth:21.0.5] AndroidManifest.xml:36:17-76
164-->[com.google.firebase:firebase-auth:21.0.5] AndroidManifest.xml:36:27-73
165                <category android:name="android.intent.category.BROWSABLE" />
165-->[com.google.firebase:firebase-auth:21.0.5] AndroidManifest.xml:37:17-78
165-->[com.google.firebase:firebase-auth:21.0.5] AndroidManifest.xml:37:27-75
166
167                <data
167-->[:file_picker] AndroidManifest.xml:13:13-44
168                    android:host="firebase.auth"
169                    android:path="/"
170                    android:scheme="recaptcha" />
171            </intent-filter>
172        </activity>
173
174        <provider
174-->[com.google.firebase:firebase-common:20.1.1] AndroidManifest.xml:26:9-31:39
175            android:name="com.google.firebase.provider.FirebaseInitProvider"
175-->[com.google.firebase:firebase-common:20.1.1] AndroidManifest.xml:27:13-77
176            android:authorities="com.example.progetto_uno_v2.firebaseinitprovider"
176-->[com.google.firebase:firebase-common:20.1.1] AndroidManifest.xml:28:13-72
177            android:directBootAware="true"
177-->[com.google.firebase:firebase-common:20.1.1] AndroidManifest.xml:29:13-43
178            android:exported="false"
178-->[com.google.firebase:firebase-common:20.1.1] AndroidManifest.xml:30:13-37
179            android:initOrder="100" />
179-->[com.google.firebase:firebase-common:20.1.1] AndroidManifest.xml:31:13-36
180
181        <activity
181-->[com.google.android.gms:play-services-base:18.0.1] AndroidManifest.xml:20:9-22:45
182            android:name="com.google.android.gms.common.api.GoogleApiActivity"
182-->[com.google.android.gms:play-services-base:18.0.1] AndroidManifest.xml:20:19-85
183            android:exported="false"
183-->[com.google.android.gms:play-services-base:18.0.1] AndroidManifest.xml:22:19-43
184            android:theme="@android:style/Theme.Translucent.NoTitleBar" />
184-->[com.google.android.gms:play-services-base:18.0.1] AndroidManifest.xml:21:19-78
185
186        <meta-data
186-->[com.google.android.gms:play-services-basement:18.0.0] AndroidManifest.xml:21:9-23:69
187            android:name="com.google.android.gms.version"
187-->[com.google.android.gms:play-services-basement:18.0.0] AndroidManifest.xml:22:13-58
188            android:value="@integer/google_play_services_version" />
188-->[com.google.android.gms:play-services-basement:18.0.0] AndroidManifest.xml:23:13-66
189
190        <provider
190-->[androidx.emoji2:emoji2:1.0.0] AndroidManifest.xml:26:9-34:20
191            android:name="androidx.startup.InitializationProvider"
191-->[androidx.emoji2:emoji2:1.0.0] AndroidManifest.xml:27:13-67
192            android:authorities="com.example.progetto_uno_v2.androidx-startup"
192-->[androidx.emoji2:emoji2:1.0.0] AndroidManifest.xml:28:13-68
193            android:exported="false" >
193-->[androidx.emoji2:emoji2:1.0.0] AndroidManifest.xml:29:13-37
194            <meta-data
194-->[androidx.emoji2:emoji2:1.0.0] AndroidManifest.xml:31:13-33:52
195                android:name="androidx.emoji2.text.EmojiCompatInitializer"
195-->[androidx.emoji2:emoji2:1.0.0] AndroidManifest.xml:32:17-75
196                android:value="androidx.startup" />
196-->[androidx.emoji2:emoji2:1.0.0] AndroidManifest.xml:33:17-49
197            <meta-data
197-->[androidx.lifecycle:lifecycle-process:2.4.0] AndroidManifest.xml:31:13-33:52
198                android:name="androidx.lifecycle.ProcessLifecycleInitializer"
198-->[androidx.lifecycle:lifecycle-process:2.4.0] AndroidManifest.xml:32:17-78
199                android:value="androidx.startup" />
199-->[androidx.lifecycle:lifecycle-process:2.4.0] AndroidManifest.xml:33:17-49
200        </provider>
201
202        <activity
202-->[com.journeyapps:zxing-android-embedded:4.3.0] AndroidManifest.xml:47:9-53:63
203            android:name="com.journeyapps.barcodescanner.CaptureActivity"
203-->[com.journeyapps:zxing-android-embedded:4.3.0] AndroidManifest.xml:48:13-74
204            android:clearTaskOnLaunch="true"
204-->[com.journeyapps:zxing-android-embedded:4.3.0] AndroidManifest.xml:49:13-45
205            android:screenOrientation="sensorLandscape"
205-->[com.journeyapps:zxing-android-embedded:4.3.0] AndroidManifest.xml:50:13-56
206            android:stateNotNeeded="true"
206-->[com.journeyapps:zxing-android-embedded:4.3.0] AndroidManifest.xml:51:13-42
207            android:theme="@style/zxing_CaptureTheme"
207-->[com.journeyapps:zxing-android-embedded:4.3.0] AndroidManifest.xml:52:13-54
208            android:windowSoftInputMode="stateAlwaysHidden" />
208-->[com.journeyapps:zxing-android-embedded:4.3.0] AndroidManifest.xml:53:13-60
209    </application>
210
211</manifest>